2021-08-20 12:29:16,851 :INFO : test_ba :new window opened
2021-08-20 12:29:18,042 :INFO : test_ba :page scrolled
2021-08-20 12:29:21,706 :INFO : test_ba :flight date selected
2021-08-20 12:29:26,490 :INFO : test_ba :holidays booked!
2021-08-20 12:29:35,728 :INFO : test_ba :British Airways | Book Flights, Holidays, City Breaks & Check In Online
2021-08-20 15:21:07,626 :INFO : test_ba :new window opened
2021-08-20 15:21:09,159 :INFO : test_ba :page scrolled
2021-08-20 15:43:16,654 :INFO : test_ba :new window opened
2021-08-20 15:43:17,845 :INFO : test_ba :page scrolled
2021-08-20 15:43:21,523 :INFO : test_ba :flight date selected
2021-08-20 15:43:26,332 :INFO : test_ba :holidays booked!
2021-08-20 15:43:33,860 :INFO : test_ba :British Airways | Book Flights, Holidays, City Breaks & Check In Online
2021-08-20 16:11:00,866 :INFO : test_ba :new window opened
2021-08-20 16:11:02,018 :INFO : test_ba :page scrolled
2021-08-20 16:11:05,527 :INFO : test_ba :flight date selected
2021-08-20 16:11:10,266 :INFO : test_ba :holidays booked!
2021-08-20 16:11:18,417 :INFO : test_ba :British Airways | Book Flights, Holidays, City Breaks & Check In Online
2021-08-20 16:11:19,091 :INFO : test_ba :new window opened
2021-08-20 16:11:19,091 :INFO : test_ba :new window opened
2021-08-20 16:11:20,384 :INFO : test_ba :page scrolled
2021-08-20 16:11:20,384 :INFO : test_ba :page scrolled
2021-08-20 16:11:23,841 :INFO : test_ba :flight date selected
2021-08-20 16:11:23,841 :INFO : test_ba :flight date selected
2021-08-20 16:11:29,541 :INFO : test_ba :holidays booked!
2021-08-20 16:11:29,541 :INFO : test_ba :holidays booked!
2021-08-20 16:11:35,659 :INFO : test_ba :British Airways | Book Flights, Holidays, City Breaks & Check In Online
2021-08-20 16:11:35,659 :INFO : test_ba :British Airways | Book Flights, Holidays, City Breaks & Check In Online
2021-08-20 16:17:02,146 :INFO : test_ba :new window opened
2021-08-20 16:17:03,751 :INFO : test_ba :page scrolled
2021-08-20 16:17:04,505 :INFO : test_ba :new window opened
2021-08-20 16:17:04,505 :INFO : test_ba :new window opened
2021-08-20 16:18:32,986 :INFO : test_ba :new window opened
2021-08-20 16:18:34,221 :INFO : test_ba :page scrolled
2021-08-20 16:18:37,303 :INFO : test_ba :flight date selected
2021-08-20 16:18:42,114 :INFO : test_ba :holidays booked!
2021-08-20 16:18:47,037 :INFO : test_ba :British Airways | Book Flights, Holidays, City Breaks & Check In Online
2021-08-20 16:18:47,245 :INFO : test_ba :new window opened
2021-08-20 16:18:47,245 :INFO : test_ba :new window opened
2021-08-20 16:18:48,648 :INFO : test_ba :page scrolled
2021-08-20 16:18:48,648 :INFO : test_ba :page scrolled
2021-08-20 16:18:52,108 :INFO : test_ba :flight date selected
2021-08-20 16:18:52,108 :INFO : test_ba :flight date selected
2021-08-20 16:18:57,203 :INFO : test_ba :holidays booked!
2021-08-20 16:18:57,203 :INFO : test_ba :holidays booked!
2021-08-20 16:19:06,774 :INFO : test_ba :British Airways | Book Flights, Holidays, City Breaks & Check In Online
2021-08-20 16:19:06,774 :INFO : test_ba :British Airways | Book Flights, Holidays, City Breaks & Check In Online
2021-08-21 09:18:02,973 :INFO : test_ba :new window opened
2021-08-21 09:18:03,877 :INFO : test_ba :page scrolled
2021-08-21 09:18:07,034 :INFO : test_ba :flight date selected
2021-08-21 09:18:11,984 :INFO : test_ba :holidays booked!
2021-08-21 09:18:18,349 :INFO : test_ba :British Airways | Book Flights, Holidays, City Breaks & Check In Online
2021-08-21 09:18:18,520 :INFO : test_ba :new window opened
2021-08-21 09:18:18,520 :INFO : test_ba :new window opened
2021-08-21 09:18:19,830 :INFO : test_ba :page scrolled
2021-08-21 09:18:19,830 :INFO : test_ba :page scrolled
2021-08-21 09:18:23,595 :INFO : test_ba :flight date selected
2021-08-21 09:18:23,595 :INFO : test_ba :flight date selected
2021-08-21 09:18:28,396 :INFO : test_ba :holidays booked!
2021-08-21 09:18:28,396 :INFO : test_ba :holidays booked!
2021-08-21 09:18:33,702 :INFO : test_ba :British Airways | Book Flights, Holidays, City Breaks & Check In Online
2021-08-21 09:18:33,702 :INFO : test_ba :British Airways | Book Flights, Holidays, City Breaks & Check In Online
2021-08-21 09:21:07,448 :INFO : test_ba :new window opened
2021-08-21 09:21:08,533 :INFO : test_ba :page scrolled
2021-08-21 09:21:11,406 :INFO : test_ba :flight date selected
2021-08-21 09:21:16,326 :INFO : test_ba :holidays booked!
2021-08-21 09:21:21,623 :INFO : test_ba :British Airways | Book Flights, Holidays, City Breaks & Check In Online
2021-08-21 09:21:21,796 :INFO : test_ba :new window opened
2021-08-21 09:21:21,796 :INFO : test_ba :new window opened
2021-08-21 09:21:23,118 :INFO : test_ba :page scrolled
2021-08-21 09:21:23,118 :INFO : test_ba :page scrolled
2021-08-21 09:21:26,644 :INFO : test_ba :flight date selected
2021-08-21 09:21:26,644 :INFO : test_ba :flight date selected
2021-08-21 09:21:31,795 :INFO : test_ba :holidays booked!
2021-08-21 09:21:31,795 :INFO : test_ba :holidays booked!
2021-08-21 09:21:37,129 :INFO : test_ba :British Airways | Book Flights, Holidays, City Breaks & Check In Online
2021-08-21 09:21:37,129 :INFO : test_ba :British Airways | Book Flights, Holidays, City Breaks & Check In Online
2021-08-21 09:26:51,310 :INFO : test_ba :new window opened
2021-08-21 09:26:51,948 :INFO : test_ba :page scrolled
2021-08-21 09:26:55,324 :INFO : test_ba :flight date selected
2021-08-21 09:27:04,863 :INFO : test_ba :new window opened
2021-08-21 09:27:04,863 :INFO : test_ba :new window opened
2021-08-21 09:27:49,087 :INFO : test_ba :new window opened
2021-08-21 09:27:50,321 :INFO : test_ba :page scrolled
2021-08-21 09:27:53,476 :INFO : test_ba :flight date selected
2021-08-21 09:27:58,628 :INFO : test_ba :holidays booked!
2021-08-21 09:28:04,385 :INFO : test_ba :British Airways | Book Flights, Holidays, City Breaks & Check In Online
2021-08-21 09:28:04,559 :INFO : test_ba :new window opened
2021-08-21 09:28:04,559 :INFO : test_ba :new window opened
2021-08-21 09:28:06,172 :INFO : test_ba :page scrolled
2021-08-21 09:28:06,172 :INFO : test_ba :page scrolled
2021-08-21 09:28:09,348 :INFO : test_ba :flight date selected
2021-08-21 09:28:09,348 :INFO : test_ba :flight date selected
2021-08-21 09:29:36,078 :INFO : test_ba :new window opened
2021-08-21 09:29:36,951 :INFO : test_ba :page scrolled
2021-08-21 09:29:40,404 :INFO : test_ba :flight date selected
2021-08-21 09:29:45,800 :INFO : test_ba :holidays booked!
2021-08-21 09:29:51,254 :INFO : test_ba :British Airways | Book Flights, Holidays, City Breaks & Check In Online
2021-08-21 09:29:51,427 :INFO : test_ba :new window opened
2021-08-21 09:29:51,427 :INFO : test_ba :new window opened
2021-08-21 09:29:52,700 :INFO : test_ba :page scrolled
2021-08-21 09:29:52,700 :INFO : test_ba :page scrolled
2021-08-21 09:29:56,362 :INFO : test_ba :flight date selected
2021-08-21 09:29:56,362 :INFO : test_ba :flight date selected
2021-08-21 09:31:40,016 :INFO : test_ba :new window opened
2021-08-21 09:31:41,560 :INFO : test_ba :page scrolled
2021-08-21 09:31:44,499 :INFO : test_ba :flight date selected
2021-08-21 09:31:49,395 :INFO : test_ba :holidays booked!
2021-08-21 09:31:53,692 :INFO : test_ba :British Airways | Book Flights, Holidays, City Breaks & Check In Online
2021-08-21 09:31:54,164 :INFO : test_ba :new window opened
2021-08-21 09:31:54,164 :INFO : test_ba :new window opened
2021-08-21 09:31:55,992 :INFO : test_ba :page scrolled
2021-08-21 09:31:55,992 :INFO : test_ba :page scrolled
2021-08-21 09:31:59,255 :INFO : test_ba :flight date selected
2021-08-21 09:31:59,255 :INFO : test_ba :flight date selected
2021-08-21 09:32:04,891 :INFO : test_ba :holidays booked!
2021-08-21 09:32:04,891 :INFO : test_ba :holidays booked!
2021-08-21 09:32:09,287 :INFO : test_ba :British Airways | Book Flights, Holidays, City Breaks & Check In Online
2021-08-21 09:32:09,287 :INFO : test_ba :British Airways | Book Flights, Holidays, City Breaks & Check In Online
2021-08-21 09:32:50,331 :INFO : test_ba :new window opened
2021-08-21 09:32:51,186 :INFO : test_ba :page scrolled
2021-08-21 09:32:51,909 :INFO : test_ba :new window opened
2021-08-21 09:32:51,909 :INFO : test_ba :new window opened
2021-08-21 09:33:12,830 :INFO : test_ba :new window opened
2021-08-21 09:33:13,710 :INFO : test_ba :page scrolled
2021-08-21 09:33:16,958 :INFO : test_ba :flight date selected
2021-08-21 09:33:21,916 :INFO : test_ba :holidays booked!
2021-08-21 09:33:27,161 :INFO : test_ba :British Airways | Book Flights, Holidays, City Breaks & Check In Online
2021-08-21 09:33:27,330 :INFO : test_ba :new window opened
2021-08-21 09:33:27,330 :INFO : test_ba :new window opened
2021-08-21 09:33:28,764 :INFO : test_ba :page scrolled
2021-08-21 09:33:28,764 :INFO : test_ba :page scrolled
2021-08-21 09:33:32,342 :INFO : test_ba :flight date selected
2021-08-21 09:33:32,342 :INFO : test_ba :flight date selected
2021-08-21 09:33:37,919 :INFO : test_ba :holidays booked!
2021-08-21 09:33:37,919 :INFO : test_ba :holidays booked!
2021-08-21 09:33:43,751 :INFO : test_ba :British Airways | Book Flights, Holidays, City Breaks & Check In Online
2021-08-21 09:33:43,751 :INFO : test_ba :British Airways | Book Flights, Holidays, City Breaks & Check In Online
2021-08-23 13:29:56,111 :INFO : test_ba :new window opened
2021-08-23 13:29:56,795 :INFO : test_ba :page scrolled
2021-08-23 13:29:59,742 :INFO : test_ba :flight date selected
2021-08-23 13:30:24,437 :INFO : test_ba :new window opened
2021-08-23 13:30:25,135 :INFO : test_ba :page scrolled
2021-08-23 13:30:28,392 :INFO : test_ba :flight date selected
2021-08-23 13:31:41,105 :INFO : test_ba :new window opened
2021-08-23 13:31:41,769 :INFO : test_ba :page scrolled
2021-08-23 13:32:28,002 :INFO : test_ba :new window opened
2021-08-23 13:32:28,992 :INFO : test_ba :page scrolled
2021-08-23 13:32:31,900 :INFO : test_ba :flight date selected
2021-08-24 08:13:48,066 :INFO : test_ba :new window opened
2021-08-24 08:13:49,583 :INFO : test_ba :page scrolled
2021-08-24 08:13:52,824 :INFO : test_ba :flight date selected
2021-08-24 08:15:29,187 :INFO : test_ba :new window opened
2021-08-24 08:15:30,490 :INFO : test_ba :page scrolled
2021-08-24 08:18:48,232 :INFO : test_ba :flight date selected
2021-08-24 08:23:03,857 :INFO : test_ba :new window opened
2021-08-24 08:23:04,613 :INFO : test_ba :page scrolled
2021-08-24 08:23:07,858 :INFO : test_ba :flight date selected
2021-08-24 08:23:12,847 :INFO : test_ba :holidays booked!
2021-08-24 08:23:18,063 :INFO : test_ba :British Airways | Book Flights, Holidays, City Breaks & Check In Online
2021-08-24 08:23:18,216 :INFO : test_ba :new window opened
2021-08-24 08:23:18,216 :INFO : test_ba :new window opened
2021-08-24 08:23:19,860 :INFO : test_ba :page scrolled
2021-08-24 08:23:19,860 :INFO : test_ba :page scrolled
2021-08-24 08:23:22,943 :INFO : test_ba :flight date selected
2021-08-24 08:23:22,943 :INFO : test_ba :flight date selected
2021-08-24 08:23:28,505 :INFO : test_ba :holidays booked!
2021-08-24 08:23:28,505 :INFO : test_ba :holidays booked!
2021-08-24 08:23:35,451 :INFO : test_ba :British Airways | Book Flights, Holidays, City Breaks & Check In Online
2021-08-24 08:23:35,451 :INFO : test_ba :British Airways | Book Flights, Holidays, City Breaks & Check In Online
2021-08-24 08:26:10,048 :INFO : test_ba :new window opened
2021-08-24 08:26:10,772 :INFO : test_ba :page scrolled
2021-08-24 08:26:28,365 :INFO : test_ba :new window opened
2021-08-24 08:26:29,061 :INFO : test_ba :page scrolled
2021-08-24 08:26:47,604 :INFO : test_ba :new window opened
2021-08-24 08:26:48,507 :INFO : test_ba :page scrolled
2021-08-24 08:26:52,128 :INFO : test_ba :flight date selected
2021-08-24 13:23:15,145 :INFO : test_ba :new window opened
2021-08-24 13:23:15,937 :INFO : test_ba :page scrolled
2021-08-24 13:23:19,090 :INFO : test_ba :flight date selected
2021-08-24 13:23:23,938 :INFO : test_ba :holidays booked!
2021-08-24 13:23:29,315 :INFO : test_ba :British Airways | Book Flights, Holidays, City Breaks & Check In Online
2021-08-24 13:23:29,480 :INFO : test_ba :new window opened
2021-08-24 13:23:29,480 :INFO : test_ba :new window opened
2021-08-24 13:23:30,749 :INFO : test_ba :page scrolled
2021-08-24 13:23:30,749 :INFO : test_ba :page scrolled
2021-08-24 13:23:34,185 :INFO : test_ba :flight date selected
2021-08-24 13:23:34,185 :INFO : test_ba :flight date selected
2021-08-24 13:24:45,700 :INFO : test_ba :new window opened
2021-08-24 13:24:46,326 :INFO : test_ba :page scrolled
2021-08-24 13:24:49,469 :INFO : test_ba :flight date selected
2021-08-24 13:24:54,118 :INFO : test_ba :holidays booked!
2021-08-24 13:25:00,426 :INFO : test_ba :British Airways | Book Flights, Holidays, City Breaks & Check In Online
2021-08-24 13:25:00,623 :INFO : test_ba :new window opened
2021-08-24 13:25:00,623 :INFO : test_ba :new window opened
2021-08-24 13:25:01,653 :INFO : test_ba :page scrolled
2021-08-24 13:25:01,653 :INFO : test_ba :page scrolled
2021-08-24 13:25:05,051 :INFO : test_ba :flight date selected
2021-08-24 13:25:05,051 :INFO : test_ba :flight date selected
2021-08-24 13:25:09,812 :INFO : test_ba :holidays booked!
2021-08-24 13:25:09,812 :INFO : test_ba :holidays booked!
2021-08-24 13:25:15,280 :INFO : test_ba :British Airways | Book Flights, Holidays, City Breaks & Check In Online
2021-08-24 13:25:15,280 :INFO : test_ba :British Airways | Book Flights, Holidays, City Breaks & Check In Online
2021-08-24 15:18:10,563 :INFO : test_ba :new window opened
2021-08-24 15:18:11,838 :INFO : test_ba :page scrolled
2021-08-24 15:18:14,829 :INFO : test_ba :flight date selected
2021-08-24 15:18:18,917 :INFO : test_ba :new window opened
2021-08-24 15:18:18,917 :INFO : test_ba :new window opened
2021-08-24 15:21:37,514 :INFO : test_ba :new window opened
2021-08-24 15:21:38,817 :INFO : test_ba :page scrolled
2021-08-24 15:21:41,948 :INFO : test_ba :flight date selected
2021-08-24 15:21:46,938 :INFO : test_ba :holidays booked!
2021-08-24 15:21:54,768 :INFO : test_ba :British Airways | Book Flights, Holidays, City Breaks & Check In Online
2021-08-24 15:21:54,935 :INFO : test_ba :new window opened
2021-08-24 15:21:54,935 :INFO : test_ba :new window opened
2021-08-24 15:21:55,615 :INFO : test_ba :page scrolled
2021-08-24 15:21:55,615 :INFO : test_ba :page scrolled
2021-08-24 15:21:58,922 :INFO : test_ba :flight date selected
2021-08-24 15:21:58,922 :INFO : test_ba :flight date selected
2021-08-24 15:22:04,502 :INFO : test_ba :holidays booked!
2021-08-24 15:22:04,502 :INFO : test_ba :holidays booked!
2021-08-24 15:22:10,684 :INFO : test_ba :British Airways | Book Flights, Holidays, City Breaks & Check In Online
2021-08-24 15:22:10,684 :INFO : test_ba :British Airways | Book Flights, Holidays, City Breaks & Check In Online
